<?xml version="1.0" encoding="UTF-8"?>
<testsuite xmlns:xsi="http://www.w3.org/2001/XMLSchema-instance" xsi:noNamespaceSchemaLocation="https://maven.apache.org/surefire/maven-surefire-plugin/xsd/surefire-test-report-3.0.xsd" version="3.0" name="test.java.com.wagmi.finance.history.OperationStackTest" time="0.022" tests="9" errors="1" skipped="0" failures="0">
  <properties>
    <property name="java.specification.version" value="25"/>
    <property name="sun.cpu.isalist" value="amd64"/>
    <property name="sun.jnu.encoding" value="Cp1252"/>
    <property name="java.class.path" value="C:\Users\dawar\OneDrive\desktop\coding\dsa\wagmi-ds01-assignment-01\target\test-classes;C:\Users\dawar\OneDrive\desktop\coding\dsa\wagmi-ds01-assignment-01\target\classes;C:\Users\dawar\.m2\repository\org\junit\jupiter\junit-jupiter\5.10.2\junit-jupiter-5.10.2.jar;C:\Users\dawar\.m2\repository\org\junit\jupiter\junit-jupiter-api\5.10.2\junit-jupiter-api-5.10.2.jar;C:\Users\dawar\.m2\repository\org\opentest4j\opentest4j\1.3.0\opentest4j-1.3.0.jar;C:\Users\dawar\.m2\repository\org\junit\platform\junit-platform-commons\1.10.2\junit-platform-commons-1.10.2.jar;C:\Users\dawar\.m2\repository\org\apiguardian\apiguardian-api\1.1.2\apiguardian-api-1.1.2.jar;C:\Users\dawar\.m2\repository\org\junit\jupiter\junit-jupiter-params\5.10.2\junit-jupiter-params-5.10.2.jar;C:\Users\dawar\.m2\repository\org\junit\jupiter\junit-jupiter-engine\5.10.2\junit-jupiter-engine-5.10.2.jar;C:\Users\dawar\.m2\repository\org\junit\platform\junit-platform-engine\1.10.2\junit-platform-engine-1.10.2.jar;"/>
    <property name="java.vm.vendor" value="Oracle Corporation"/>
    <property name="sun.arch.data.model" value="64"/>
    <property name="user.variant" value=""/>
    <property name="java.vendor.url" value="https://java.oracle.com/"/>
    <property name="user.timezone" value="Asia/Calcutta"/>
    <property name="os.name" value="Windows 11"/>
    <property name="java.vm.specification.version" value="25"/>
    <property name="sun.java.launcher" value="SUN_STANDARD"/>
    <property name="user.country" value="IN"/>
    <property name="sun.boot.library.path" value="C:\Program Files\Java\jdk-25\bin"/>
    <property name="sun.java.command" value="C:\Users\dawar\AppData\Local\Temp\surefire7880076673236583451\surefirebooter-20251007130813254_3.jar C:\Users\dawar\AppData\Local\Temp\surefire7880076673236583451 2025-10-07T13-08-13_103-jvmRun1 surefire-20251007130813254_1tmp surefire_0-20251007130813254_2tmp"/>
    <property name="jdk.debug" value="release"/>
    <property name="surefire.test.class.path" value="C:\Users\dawar\OneDrive\desktop\coding\dsa\wagmi-ds01-assignment-01\target\test-classes;C:\Users\dawar\OneDrive\desktop\coding\dsa\wagmi-ds01-assignment-01\target\classes;C:\Users\dawar\.m2\repository\org\junit\jupiter\junit-jupiter\5.10.2\junit-jupiter-5.10.2.jar;C:\Users\dawar\.m2\repository\org\junit\jupiter\junit-jupiter-api\5.10.2\junit-jupiter-api-5.10.2.jar;C:\Users\dawar\.m2\repository\org\opentest4j\opentest4j\1.3.0\opentest4j-1.3.0.jar;C:\Users\dawar\.m2\repository\org\junit\platform\junit-platform-commons\1.10.2\junit-platform-commons-1.10.2.jar;C:\Users\dawar\.m2\repository\org\apiguardian\apiguardian-api\1.1.2\apiguardian-api-1.1.2.jar;C:\Users\dawar\.m2\repository\org\junit\jupiter\junit-jupiter-params\5.10.2\junit-jupiter-params-5.10.2.jar;C:\Users\dawar\.m2\repository\org\junit\jupiter\junit-jupiter-engine\5.10.2\junit-jupiter-engine-5.10.2.jar;C:\Users\dawar\.m2\repository\org\junit\platform\junit-platform-engine\1.10.2\junit-platform-engine-1.10.2.jar;"/>
    <property name="sun.cpu.endian" value="little"/>
    <property name="user.home" value="C:\Users\dawar"/>
    <property name="user.language" value="en"/>
    <property name="java.specification.vendor" value="Oracle Corporation"/>
    <property name="java.version.date" value="2025-09-16"/>
    <property name="java.home" value="C:\Program Files\Java\jdk-25"/>
    <property name="file.separator" value="\"/>
    <property name="basedir" value="C:\Users\dawar\OneDrive\desktop\coding\dsa\wagmi-ds01-assignment-01"/>
    <property name="java.vm.compressedOopsMode" value="Zero based"/>
    <property name="line.separator" value="&#10;"/>
    <property name="java.vm.specification.vendor" value="Oracle Corporation"/>
    <property name="java.specification.name" value="Java Platform API Specification"/>
    <property name="surefire.real.class.path" value="C:\Users\dawar\AppData\Local\Temp\surefire7880076673236583451\surefirebooter-20251007130813254_3.jar"/>
    <property name="user.script" value=""/>
    <property name="sun.management.compiler" value="HotSpot 64-Bit Tiered Compilers"/>
    <property name="java.runtime.version" value="25+37-LTS-3491"/>
    <property name="user.name" value="dawar"/>
    <property name="stdout.encoding" value="Cp1252"/>
    <property name="path.separator" value=";"/>
    <property name="os.version" value="10.0"/>
    <property name="java.runtime.name" value="Java(TM) SE Runtime Environment"/>
    <property name="file.encoding" value="UTF-8"/>
    <property name="java.vm.name" value="Java HotSpot(TM) 64-Bit Server VM"/>
    <property name="localRepository" value="C:\Users\dawar\.m2\repository"/>
    <property name="java.vendor.url.bug" value="https://bugreport.java.com/bugreport/"/>
    <property name="java.io.tmpdir" value="C:\Users\dawar\AppData\Local\Temp\"/>
    <property name="java.version" value="25"/>
    <property name="user.dir" value="C:\Users\dawar\OneDrive\Desktop\coding\dsa\wagmi-ds01-assignment-01"/>
    <property name="os.arch" value="amd64"/>
    <property name="java.vm.specification.name" value="Java Virtual Machine Specification"/>
    <property name="sun.os.patch.level" value=""/>
    <property name="native.encoding" value="Cp1252"/>
    <property name="java.library.path" value="C:\Program Files\Java\jdk-25\bin;C:\WINDOWS\Sun\Java\bin;C:\WINDOWS\system32;C:\WINDOWS;C:\Users\dawar\bin;D:\Git\mingw64\bin;D:\Git\usr\local\bin;D:\Git\usr\bin;D:\Git\usr\bin;D:\Git\mingw64\bin;D:\Git\usr\bin;C:\Users\dawar\bin;C:\Program Files\Common Files\Oracle\Java\javapath;C:\windows\system32;C:\windows;C:\windows\System32\Wbem;C:\windows\System32\WindowsPowerShell\v1.0;C:\windows\System32\OpenSSH;C:\Program Files (x86)\NVIDIA Corporation\PhysX\Common;C:\Program Files\NVIDIA Corporation\NVIDIA NvDLISR;C:\WINDOWS\system32;C:\WINDOWS;C:\WINDOWS\System32\Wbem;C:\WINDOWS\System32\WindowsPowerShell\v1.0;C:\WINDOWS\System32\OpenSSH;C:\MinGW\bin;C:\Program Files\MySQL\MySQL Server 8.0\bin;D:\Git\cmd;C:\Program Files\Java\jdk-25\bin;C:\Program Files\MySQL\MySQL Shell 8.0\bin;C:\Users\dawar\AppData\Local\Programs\Python\Python314\Scripts;C:\Users\dawar\AppData\Local\Programs\Python\Python314;C:\Users\dawar\AppData\Local\Programs\Python\Launcher;C:\Users\dawar\AppData\Local\Programs\Python\Python313\Scripts;C:\Users\dawar\AppData\Local\Programs\Python\Python313;C:\Users\dawar\AppData\Local\Microsoft\WindowsApps;C:\Users\dawar\AppData\Local\Programs\Microsoft VS Code\bin;C:\Users\dawar\OneDrive\Desktop\coding\dsa\maven-mvnd-1.0.3-windows-amd64\mvn\bin;D:\Git\usr\bin\vendor_perl;D:\Git\usr\bin\core_perl;."/>
    <property name="java.vm.info" value="mixed mode, sharing"/>
    <property name="stderr.encoding" value="Cp1252"/>
    <property name="java.vendor" value="Oracle Corporation"/>
    <property name="java.vm.version" value="25+37-LTS-3491"/>
    <property name="stdin.encoding" value="Cp1252"/>
    <property name="sun.io.unicode.encoding" value="UnicodeLittle"/>
    <property name="java.class.version" value="69.0"/>
  </properties>
  <testcase name="stack_zero_capacity" classname="test.java.com.wagmi.finance.history.OperationStackTest" time="0.001">
    <error message="Stack capacity must be greater than zero." type="java.lang.UnsupportedOperationException"><![CDATA[java.lang.UnsupportedOperationException: Stack capacity must be greater than zero.
	at main.java.com.wagmi.finance.history.OperationStack.<init>(OperationStack.java:17)
	at test.java.com.wagmi.finance.history.OperationStackTest.stack_zero_capacity(OperationStackTest.java:109)
	at java.base/java.lang.reflect.Method.invoke(Method.java:565)
	at java.base/java.util.ArrayList.forEach(ArrayList.java:1604)
	at java.base/java.util.ArrayList.forEach(ArrayList.java:1604)
]]></error>
  </testcase>
  <testcase name="stack_with_capacity_one" classname="test.java.com.wagmi.finance.history.OperationStackTest" time="0.002"/>
  <testcase name="peek_does_not_modify_stack" classname="test.java.com.wagmi.finance.history.OperationStackTest" time="0.0"/>
  <testcase name="stack_with_large_capacity" classname="test.java.com.wagmi.finance.history.OperationStackTest" time="0.005"/>
  <testcase name="stack_lifo_order" classname="test.java.com.wagmi.finance.history.OperationStackTest" time="0.001"/>
  <testcase name="stack_with_empty_strings" classname="test.java.com.wagmi.finance.history.OperationStackTest" time="0.001"/>
  <testcase name="stack_with_null_operations" classname="test.java.com.wagmi.finance.history.OperationStackTest" time="0.001"/>
  <testcase name="stack_multiple_peeks_before_pop" classname="test.java.com.wagmi.finance.history.OperationStackTest" time="0.001"/>
  <testcase name="push_pop_and_peek_behaviors_and_underflow_overflow" classname="test.java.com.wagmi.finance.history.OperationStackTest" time="0.002"/>
</testsuite>