<?xml version="1.0" encoding="UTF-8"?>
<testsuite xmlns:xsi="http://www.w3.org/2001/XMLSchema-instance" xsi:noNamespaceSchemaLocation="https://maven.apache.org/surefire/maven-surefire-plugin/xsd/surefire-test-report-3.0.xsd" version="3.0" name="test.java.com.wagmi.finance.alg.SortersTest" time="0.052" tests="15" errors="15" skipped="0" failures="0">
  <properties>
    <property name="java.specification.version" value="25"/>
    <property name="sun.cpu.isalist" value="amd64"/>
    <property name="sun.jnu.encoding" value="Cp1252"/>
    <property name="java.class.path" value="C:\Users\dawar\OneDrive\Desktop\coding\dsa\wagmi-ds01-assignment-01\target\test-classes;C:\Users\dawar\OneDrive\Desktop\coding\dsa\wagmi-ds01-assignment-01\target\classes;C:\Users\dawar\.m2\repository\org\junit\jupiter\junit-jupiter\5.10.2\junit-jupiter-5.10.2.jar;C:\Users\dawar\.m2\repository\org\junit\jupiter\junit-jupiter-api\5.10.2\junit-jupiter-api-5.10.2.jar;C:\Users\dawar\.m2\repository\org\opentest4j\opentest4j\1.3.0\opentest4j-1.3.0.jar;C:\Users\dawar\.m2\repository\org\junit\platform\junit-platform-commons\1.10.2\junit-platform-commons-1.10.2.jar;C:\Users\dawar\.m2\repository\org\apiguardian\apiguardian-api\1.1.2\apiguardian-api-1.1.2.jar;C:\Users\dawar\.m2\repository\org\junit\jupiter\junit-jupiter-params\5.10.2\junit-jupiter-params-5.10.2.jar;C:\Users\dawar\.m2\repository\org\junit\jupiter\junit-jupiter-engine\5.10.2\junit-jupiter-engine-5.10.2.jar;C:\Users\dawar\.m2\repository\org\junit\platform\junit-platform-engine\1.10.2\junit-platform-engine-1.10.2.jar;"/>
    <property name="java.vm.vendor" value="Oracle Corporation"/>
    <property name="sun.arch.data.model" value="64"/>
    <property name="user.variant" value=""/>
    <property name="java.vendor.url" value="https://java.oracle.com/"/>
    <property name="user.timezone" value="Asia/Calcutta"/>
    <property name="os.name" value="Windows 11"/>
    <property name="java.vm.specification.version" value="25"/>
    <property name="sun.java.launcher" value="SUN_STANDARD"/>
    <property name="user.country" value="IN"/>
    <property name="sun.boot.library.path" value="C:\Program Files\Java\jdk-25\bin"/>
    <property name="sun.java.command" value="C:\Users\dawar\AppData\Local\Temp\surefire10770928274056530168\surefirebooter-20251002183528311_3.jar C:\Users\dawar\AppData\Local\Temp\surefire10770928274056530168 2025-10-02T18-35-28_067-jvmRun1 surefire-20251002183528311_1tmp surefire_0-20251002183528311_2tmp"/>
    <property name="jdk.debug" value="release"/>
    <property name="surefire.test.class.path" value="C:\Users\dawar\OneDrive\Desktop\coding\dsa\wagmi-ds01-assignment-01\target\test-classes;C:\Users\dawar\OneDrive\Desktop\coding\dsa\wagmi-ds01-assignment-01\target\classes;C:\Users\dawar\.m2\repository\org\junit\jupiter\junit-jupiter\5.10.2\junit-jupiter-5.10.2.jar;C:\Users\dawar\.m2\repository\org\junit\jupiter\junit-jupiter-api\5.10.2\junit-jupiter-api-5.10.2.jar;C:\Users\dawar\.m2\repository\org\opentest4j\opentest4j\1.3.0\opentest4j-1.3.0.jar;C:\Users\dawar\.m2\repository\org\junit\platform\junit-platform-commons\1.10.2\junit-platform-commons-1.10.2.jar;C:\Users\dawar\.m2\repository\org\apiguardian\apiguardian-api\1.1.2\apiguardian-api-1.1.2.jar;C:\Users\dawar\.m2\repository\org\junit\jupiter\junit-jupiter-params\5.10.2\junit-jupiter-params-5.10.2.jar;C:\Users\dawar\.m2\repository\org\junit\jupiter\junit-jupiter-engine\5.10.2\junit-jupiter-engine-5.10.2.jar;C:\Users\dawar\.m2\repository\org\junit\platform\junit-platform-engine\1.10.2\junit-platform-engine-1.10.2.jar;"/>
    <property name="sun.cpu.endian" value="little"/>
    <property name="user.home" value="C:\Users\dawar"/>
    <property name="user.language" value="en"/>
    <property name="java.specification.vendor" value="Oracle Corporation"/>
    <property name="java.version.date" value="2025-09-16"/>
    <property name="java.home" value="C:\Program Files\Java\jdk-25"/>
    <property name="file.separator" value="\"/>
    <property name="basedir" value="C:\Users\dawar\OneDrive\Desktop\coding\dsa\wagmi-ds01-assignment-01"/>
    <property name="java.vm.compressedOopsMode" value="Zero based"/>
    <property name="line.separator" value="&#10;"/>
    <property name="java.vm.specification.vendor" value="Oracle Corporation"/>
    <property name="java.specification.name" value="Java Platform API Specification"/>
    <property name="surefire.real.class.path" value="C:\Users\dawar\AppData\Local\Temp\surefire10770928274056530168\surefirebooter-20251002183528311_3.jar"/>
    <property name="user.script" value=""/>
    <property name="sun.management.compiler" value="HotSpot 64-Bit Tiered Compilers"/>
    <property name="java.runtime.version" value="25+37-LTS-3491"/>
    <property name="user.name" value="dawar"/>
    <property name="stdout.encoding" value="Cp1252"/>
    <property name="path.separator" value=";"/>
    <property name="os.version" value="10.0"/>
    <property name="java.runtime.name" value="Java(TM) SE Runtime Environment"/>
    <property name="file.encoding" value="UTF-8"/>
    <property name="java.vm.name" value="Java HotSpot(TM) 64-Bit Server VM"/>
    <property name="localRepository" value="C:\Users\dawar\.m2\repository"/>
    <property name="java.vendor.url.bug" value="https://bugreport.java.com/bugreport/"/>
    <property name="java.io.tmpdir" value="C:\Users\dawar\AppData\Local\Temp\"/>
    <property name="java.version" value="25"/>
    <property name="user.dir" value="C:\Users\dawar\OneDrive\Desktop\coding\dsa\wagmi-ds01-assignment-01"/>
    <property name="os.arch" value="amd64"/>
    <property name="java.vm.specification.name" value="Java Virtual Machine Specification"/>
    <property name="sun.os.patch.level" value=""/>
    <property name="native.encoding" value="Cp1252"/>
    <property name="java.library.path" value="C:\Program Files\Java\jdk-25\bin;C:\WINDOWS\Sun\Java\bin;C:\WINDOWS\system32;C:\WINDOWS;C:\Program Files\Common Files\Oracle\Java\javapath;C:\windows\system32;C:\windows;C:\windows\System32\Wbem;C:\windows\System32\WindowsPowerShell\v1.0\;C:\windows\System32\OpenSSH\;C:\Program Files (x86)\NVIDIA Corporation\PhysX\Common;C:\Program Files\NVIDIA Corporation\NVIDIA NvDLISR;C:\WINDOWS\system32;C:\WINDOWS;C:\WINDOWS\System32\Wbem;C:\WINDOWS\System32\WindowsPowerShell\v1.0\;C:\WINDOWS\System32\OpenSSH\;C:\MinGW\bin;C:\Program Files\MySQL\MySQL Server 8.0\bin;D:\Git\cmd;C:\Program Files\Java\jdk-25\bin;C:\Program Files\MySQL\MySQL Shell 8.0\bin\;C:\Users\dawar\AppData\Local\Programs\Python\Python314\Scripts\;C:\Users\dawar\AppData\Local\Programs\Python\Python314\;C:\Users\dawar\AppData\Local\Programs\Python\Launcher\;C:\Users\dawar\AppData\Local\Programs\Python\Python313\Scripts\;C:\Users\dawar\AppData\Local\Programs\Python\Python313\;C:\Users\dawar\AppData\Local\Microsoft\WindowsApps;C:\Users\dawar\AppData\Local\Programs\Microsoft VS Code\bin;C:\Users\dawar\OneDrive\Desktop\coding\dsa\maven-mvnd-1.0.3-windows-amd64\mvn\bin;;."/>
    <property name="java.vm.info" value="mixed mode, sharing"/>
    <property name="stderr.encoding" value="Cp1252"/>
    <property name="java.vendor" value="Oracle Corporation"/>
    <property name="java.vm.version" value="25+37-LTS-3491"/>
    <property name="stdin.encoding" value="Cp1252"/>
    <property name="sun.io.unicode.encoding" value="UnicodeLittle"/>
    <property name="java.class.version" value="69.0"/>
  </properties>
  <testcase name="insertionSortByCategory_handles_empty_array" classname="test.java.com.wagmi.finance.alg.SortersTest" time="0.002">
    <error message="Not implemented" type="java.lang.UnsupportedOperationException"><![CDATA[java.lang.UnsupportedOperationException: Not implemented
	at main.java.com.wagmi.finance.alg.Sorters.insertionSortByCategory(Sorters.java:31)
	at test.java.com.wagmi.finance.alg.SortersTest.insertionSortByCategory_handles_empty_array(SortersTest.java:143)
	at java.base/java.lang.reflect.Method.invoke(Method.java:565)
	at java.base/java.util.ArrayList.forEach(ArrayList.java:1604)
	at java.base/java.util.ArrayList.forEach(ArrayList.java:1604)
]]></error>
  </testcase>
  <testcase name="insertionSortByCategory_handles_duplicate_categories" classname="test.java.com.wagmi.finance.alg.SortersTest" time="0.002">
    <error message="Not implemented" type="java.lang.UnsupportedOperationException"><![CDATA[java.lang.UnsupportedOperationException: Not implemented
	at main.java.com.wagmi.finance.alg.Sorters.insertionSortByCategory(Sorters.java:31)
	at test.java.com.wagmi.finance.alg.SortersTest.insertionSortByCategory_handles_duplicate_categories(SortersTest.java:161)
	at java.base/java.lang.reflect.Method.invoke(Method.java:565)
	at java.base/java.util.ArrayList.forEach(ArrayList.java:1604)
	at java.base/java.util.ArrayList.forEach(ArrayList.java:1604)
]]></error>
  </testcase>
  <testcase name="insertionSortByCategory_uses_custom_comparator" classname="test.java.com.wagmi.finance.alg.SortersTest" time="0.002">
    <error message="Not implemented" type="java.lang.UnsupportedOperationException"><![CDATA[java.lang.UnsupportedOperationException: Not implemented
	at main.java.com.wagmi.finance.alg.Sorters.insertionSortByCategory(Sorters.java:31)
	at test.java.com.wagmi.finance.alg.SortersTest.insertionSortByCategory_uses_custom_comparator(SortersTest.java:54)
	at java.base/java.lang.reflect.Method.invoke(Method.java:565)
	at java.base/java.util.ArrayList.forEach(ArrayList.java:1604)
	at java.base/java.util.ArrayList.forEach(ArrayList.java:1604)
]]></error>
  </testcase>
  <testcase name="quickSortByAmount_handles_negative_amounts" classname="test.java.com.wagmi.finance.alg.SortersTest" time="0.003">
    <error message="Not implemented" type="java.lang.UnsupportedOperationException"><![CDATA[java.lang.UnsupportedOperationException: Not implemented
	at main.java.com.wagmi.finance.alg.Sorters.quickSortByAmount(Sorters.java:21)
	at test.java.com.wagmi.finance.alg.SortersTest.quickSortByAmount_handles_negative_amounts(SortersTest.java:94)
	at java.base/java.lang.reflect.Method.invoke(Method.java:565)
	at java.base/java.util.ArrayList.forEach(ArrayList.java:1604)
	at java.base/java.util.ArrayList.forEach(ArrayList.java:1604)
]]></error>
  </testcase>
  <testcase name="quickSortByAmount_handles_single_element" classname="test.java.com.wagmi.finance.alg.SortersTest" time="0.001">
    <error message="Not implemented" type="java.lang.UnsupportedOperationException"><![CDATA[java.lang.UnsupportedOperationException: Not implemented
	at main.java.com.wagmi.finance.alg.Sorters.quickSortByAmount(Sorters.java:21)
	at test.java.com.wagmi.finance.alg.SortersTest.quickSortByAmount_handles_single_element(SortersTest.java:70)
	at java.base/java.lang.reflect.Method.invoke(Method.java:565)
	at java.base/java.util.ArrayList.forEach(ArrayList.java:1604)
	at java.base/java.util.ArrayList.forEach(ArrayList.java:1604)
]]></error>
  </testcase>
  <testcase name="mergeSortByDate_handles_duplicate_dates" classname="test.java.com.wagmi.finance.alg.SortersTest" time="0.002">
    <error message="Not implemented" type="java.lang.UnsupportedOperationException"><![CDATA[java.lang.UnsupportedOperationException: Not implemented
	at main.java.com.wagmi.finance.alg.Sorters.mergeSortByDate(Sorters.java:26)
	at test.java.com.wagmi.finance.alg.SortersTest.mergeSortByDate_handles_duplicate_dates(SortersTest.java:121)
	at java.base/java.lang.reflect.Method.invoke(Method.java:565)
	at java.base/java.util.ArrayList.forEach(ArrayList.java:1604)
	at java.base/java.util.ArrayList.forEach(ArrayList.java:1604)
]]></error>
  </testcase>
  <testcase name="quickSortByAmount_handles_duplicate_amounts" classname="test.java.com.wagmi.finance.alg.SortersTest" time="0.003">
    <error message="Not implemented" type="java.lang.UnsupportedOperationException"><![CDATA[java.lang.UnsupportedOperationException: Not implemented
	at main.java.com.wagmi.finance.alg.Sorters.quickSortByAmount(Sorters.java:21)
	at test.java.com.wagmi.finance.alg.SortersTest.quickSortByAmount_handles_duplicate_amounts(SortersTest.java:81)
	at java.base/java.lang.reflect.Method.invoke(Method.java:565)
	at java.base/java.util.ArrayList.forEach(ArrayList.java:1604)
	at java.base/java.util.ArrayList.forEach(ArrayList.java:1604)
]]></error>
  </testcase>
  <testcase name="mergeSortByDate_handles_year_boundaries" classname="test.java.com.wagmi.finance.alg.SortersTest" time="0.002">
    <error message="Not implemented" type="java.lang.UnsupportedOperationException"><![CDATA[java.lang.UnsupportedOperationException: Not implemented
	at main.java.com.wagmi.finance.alg.Sorters.mergeSortByDate(Sorters.java:26)
	at test.java.com.wagmi.finance.alg.SortersTest.mergeSortByDate_handles_year_boundaries(SortersTest.java:134)
	at java.base/java.lang.reflect.Method.invoke(Method.java:565)
	at java.base/java.util.ArrayList.forEach(ArrayList.java:1604)
	at java.base/java.util.ArrayList.forEach(ArrayList.java:1604)
]]></error>
  </testcase>
  <testcase name="insertionSortByCategory_handles_single_element" classname="test.java.com.wagmi.finance.alg.SortersTest" time="0.002">
    <error message="Not implemented" type="java.lang.UnsupportedOperationException"><![CDATA[java.lang.UnsupportedOperationException: Not implemented
	at main.java.com.wagmi.finance.alg.Sorters.insertionSortByCategory(Sorters.java:31)
	at test.java.com.wagmi.finance.alg.SortersTest.insertionSortByCategory_handles_single_element(SortersTest.java:150)
	at java.base/java.lang.reflect.Method.invoke(Method.java:565)
	at java.base/java.util.ArrayList.forEach(ArrayList.java:1604)
	at java.base/java.util.ArrayList.forEach(ArrayList.java:1604)
]]></error>
  </testcase>
  <testcase name="mergeSortByDate_handles_single_element" classname="test.java.com.wagmi.finance.alg.SortersTest" time="0.002">
    <error message="Not implemented" type="java.lang.UnsupportedOperationException"><![CDATA[java.lang.UnsupportedOperationException: Not implemented
	at main.java.com.wagmi.finance.alg.Sorters.mergeSortByDate(Sorters.java:26)
	at test.java.com.wagmi.finance.alg.SortersTest.mergeSortByDate_handles_single_element(SortersTest.java:110)
	at java.base/java.lang.reflect.Method.invoke(Method.java:565)
	at java.base/java.util.ArrayList.forEach(ArrayList.java:1604)
	at java.base/java.util.ArrayList.forEach(ArrayList.java:1604)
]]></error>
  </testcase>
  <testcase name="quickSortByAmount_handles_empty_array" classname="test.java.com.wagmi.finance.alg.SortersTest" time="0.002">
    <error message="Not implemented" type="java.lang.UnsupportedOperationException"><![CDATA[java.lang.UnsupportedOperationException: Not implemented
	at main.java.com.wagmi.finance.alg.Sorters.quickSortByAmount(Sorters.java:21)
	at test.java.com.wagmi.finance.alg.SortersTest.quickSortByAmount_handles_empty_array(SortersTest.java:63)
	at java.base/java.lang.reflect.Method.invoke(Method.java:565)
	at java.base/java.util.ArrayList.forEach(ArrayList.java:1604)
	at java.base/java.util.ArrayList.forEach(ArrayList.java:1604)
]]></error>
  </testcase>
  <testcase name="insertionSortByCategory_with_reverse_comparator" classname="test.java.com.wagmi.finance.alg.SortersTest" time="0.002">
    <error message="Not implemented" type="java.lang.UnsupportedOperationException"><![CDATA[java.lang.UnsupportedOperationException: Not implemented
	at main.java.com.wagmi.finance.alg.Sorters.insertionSortByCategory(Sorters.java:31)
	at test.java.com.wagmi.finance.alg.SortersTest.insertionSortByCategory_with_reverse_comparator(SortersTest.java:174)
	at java.base/java.lang.reflect.Method.invoke(Method.java:565)
	at java.base/java.util.ArrayList.forEach(ArrayList.java:1604)
	at java.base/java.util.ArrayList.forEach(ArrayList.java:1604)
]]></error>
  </testcase>
  <testcase name="mergeSortByDate_sorts_by_date_ascending" classname="test.java.com.wagmi.finance.alg.SortersTest" time="0.001">
    <error message="Not implemented" type="java.lang.UnsupportedOperationException"><![CDATA[java.lang.UnsupportedOperationException: Not implemented
	at main.java.com.wagmi.finance.alg.Sorters.mergeSortByDate(Sorters.java:26)
	at test.java.com.wagmi.finance.alg.SortersTest.mergeSortByDate_sorts_by_date_ascending(SortersTest.java:41)
	at java.base/java.lang.reflect.Method.invoke(Method.java:565)
	at java.base/java.util.ArrayList.forEach(ArrayList.java:1604)
	at java.base/java.util.ArrayList.forEach(ArrayList.java:1604)
]]></error>
  </testcase>
  <testcase name="mergeSortByDate_handles_empty_array" classname="test.java.com.wagmi.finance.alg.SortersTest" time="0.002">
    <error message="Not implemented" type="java.lang.UnsupportedOperationException"><![CDATA[java.lang.UnsupportedOperationException: Not implemented
	at main.java.com.wagmi.finance.alg.Sorters.mergeSortByDate(Sorters.java:26)
	at test.java.com.wagmi.finance.alg.SortersTest.mergeSortByDate_handles_empty_array(SortersTest.java:103)
	at java.base/java.lang.reflect.Method.invoke(Method.java:565)
	at java.base/java.util.ArrayList.forEach(ArrayList.java:1604)
	at java.base/java.util.ArrayList.forEach(ArrayList.java:1604)
]]></error>
  </testcase>
  <testcase name="quickSortByAmount_sorts_ascending_and_handles_edges" classname="test.java.com.wagmi.finance.alg.SortersTest" time="0.004">
    <error message="Not implemented" type="java.lang.UnsupportedOperationException"><![CDATA[java.lang.UnsupportedOperationException: Not implemented
	at main.java.com.wagmi.finance.alg.Sorters.quickSortByAmount(Sorters.java:21)
	at test.java.com.wagmi.finance.alg.SortersTest.quickSortByAmount_sorts_ascending_and_handles_edges(SortersTest.java:27)
	at java.base/java.lang.reflect.Method.invoke(Method.java:565)
	at java.base/java.util.ArrayList.forEach(ArrayList.java:1604)
	at java.base/java.util.ArrayList.forEach(ArrayList.java:1604)
]]></error>
  </testcase>
</testsuite>