<?xml version="1.0" encoding="UTF-8"?>
<testsuite xmlns:xsi="http://www.w3.org/2001/XMLSchema-instance" xsi:noNamespaceSchemaLocation="https://maven.apache.org/surefire/maven-surefire-plugin/xsd/surefire-test-report-3.0.xsd" version="3.0" name="test.java.com.wagmi.finance.ds.DoublyLinkedTransactionsTest" time="0.011" tests="15" errors="15" skipped="0" failures="0">
  <properties>
    <property name="java.specification.version" value="25"/>
    <property name="sun.jnu.encoding" value="UTF-8"/>
    <property name="java.class.path" value="/Users/thisisamank/IdeaProjects/wagmi-ds01-assignment-01/target/test-classes:/Users/thisisamank/IdeaProjects/wagmi-ds01-assignment-01/target/classes:/Users/thisisamank/.m2/repository/org/junit/jupiter/junit-jupiter/5.10.2/junit-jupiter-5.10.2.jar:/Users/thisisamank/.m2/repository/org/junit/jupiter/junit-jupiter-api/5.10.2/junit-jupiter-api-5.10.2.jar:/Users/thisisamank/.m2/repository/org/opentest4j/opentest4j/1.3.0/opentest4j-1.3.0.jar:/Users/thisisamank/.m2/repository/org/junit/platform/junit-platform-commons/1.10.2/junit-platform-commons-1.10.2.jar:/Users/thisisamank/.m2/repository/org/apiguardian/apiguardian-api/1.1.2/apiguardian-api-1.1.2.jar:/Users/thisisamank/.m2/repository/org/junit/jupiter/junit-jupiter-params/5.10.2/junit-jupiter-params-5.10.2.jar:/Users/thisisamank/.m2/repository/org/junit/jupiter/junit-jupiter-engine/5.10.2/junit-jupiter-engine-5.10.2.jar:/Users/thisisamank/.m2/repository/org/junit/platform/junit-platform-engine/1.10.2/junit-platform-engine-1.10.2.jar:"/>
    <property name="java.vm.vendor" value="Homebrew"/>
    <property name="sun.arch.data.model" value="64"/>
    <property name="java.vendor.url" value="https://github.com/Homebrew/homebrew-core/issues"/>
    <property name="os.name" value="Mac OS X"/>
    <property name="java.vm.specification.version" value="25"/>
    <property name="sun.java.launcher" value="SUN_STANDARD"/>
    <property name="user.country" value="IN"/>
    <property name="sun.boot.library.path" value="/opt/homebrew/Cellar/openjdk/25/libexec/openjdk.jdk/Contents/Home/lib"/>
    <property name="sun.java.command" value="/Users/thisisamank/IdeaProjects/wagmi-ds01-assignment-01/target/surefire/surefirebooter-20250925224420083_3.jar /Users/thisisamank/IdeaProjects/wagmi-ds01-assignment-01/target/surefire 2025-09-25T22-44-20_047-jvmRun1 surefire-20250925224420083_1tmp surefire_0-20250925224420083_2tmp"/>
    <property name="http.nonProxyHosts" value="local|*.local|169.254/16|*.169.254/16"/>
    <property name="jdk.debug" value="release"/>
    <property name="surefire.test.class.path" value="/Users/thisisamank/IdeaProjects/wagmi-ds01-assignment-01/target/test-classes:/Users/thisisamank/IdeaProjects/wagmi-ds01-assignment-01/target/classes:/Users/thisisamank/.m2/repository/org/junit/jupiter/junit-jupiter/5.10.2/junit-jupiter-5.10.2.jar:/Users/thisisamank/.m2/repository/org/junit/jupiter/junit-jupiter-api/5.10.2/junit-jupiter-api-5.10.2.jar:/Users/thisisamank/.m2/repository/org/opentest4j/opentest4j/1.3.0/opentest4j-1.3.0.jar:/Users/thisisamank/.m2/repository/org/junit/platform/junit-platform-commons/1.10.2/junit-platform-commons-1.10.2.jar:/Users/thisisamank/.m2/repository/org/apiguardian/apiguardian-api/1.1.2/apiguardian-api-1.1.2.jar:/Users/thisisamank/.m2/repository/org/junit/jupiter/junit-jupiter-params/5.10.2/junit-jupiter-params-5.10.2.jar:/Users/thisisamank/.m2/repository/org/junit/jupiter/junit-jupiter-engine/5.10.2/junit-jupiter-engine-5.10.2.jar:/Users/thisisamank/.m2/repository/org/junit/platform/junit-platform-engine/1.10.2/junit-platform-engine-1.10.2.jar:"/>
    <property name="sun.cpu.endian" value="little"/>
    <property name="user.home" value="/Users/thisisamank"/>
    <property name="user.language" value="en"/>
    <property name="java.specification.vendor" value="Oracle Corporation"/>
    <property name="java.version.date" value="2025-09-16"/>
    <property name="java.home" value="/opt/homebrew/Cellar/openjdk/25/libexec/openjdk.jdk/Contents/Home"/>
    <property name="file.separator" value="/"/>
    <property name="basedir" value="/Users/thisisamank/IdeaProjects/wagmi-ds01-assignment-01"/>
    <property name="java.vm.compressedOopsMode" value="Zero based"/>
    <property name="line.separator" value="&#10;"/>
    <property name="java.vm.specification.vendor" value="Oracle Corporation"/>
    <property name="java.specification.name" value="Java Platform API Specification"/>
    <property name="apple.awt.application.name" value="ForkedBooter"/>
    <property name="surefire.real.class.path" value="/Users/thisisamank/IdeaProjects/wagmi-ds01-assignment-01/target/surefire/surefirebooter-20250925224420083_3.jar"/>
    <property name="sun.management.compiler" value="HotSpot 64-Bit Tiered Compilers"/>
    <property name="ftp.nonProxyHosts" value="local|*.local|169.254/16|*.169.254/16"/>
    <property name="java.runtime.version" value="25"/>
    <property name="user.name" value="thisisamank"/>
    <property name="stdout.encoding" value="UTF-8"/>
    <property name="path.separator" value=":"/>
    <property name="os.version" value="26.0"/>
    <property name="java.runtime.name" value="OpenJDK Runtime Environment"/>
    <property name="file.encoding" value="UTF-8"/>
    <property name="java.vm.name" value="OpenJDK 64-Bit Server VM"/>
    <property name="java.vendor.version" value="Homebrew"/>
    <property name="localRepository" value="/Users/thisisamank/.m2/repository"/>
    <property name="java.vendor.url.bug" value="https://github.com/Homebrew/homebrew-core/issues"/>
    <property name="java.io.tmpdir" value="/var/folders/t1/jmx3wvzs7fl_dtdygqykb1080000gn/T/"/>
    <property name="java.version" value="25"/>
    <property name="user.dir" value="/Users/thisisamank/IdeaProjects/wagmi-ds01-assignment-01"/>
    <property name="os.arch" value="aarch64"/>
    <property name="java.vm.specification.name" value="Java Virtual Machine Specification"/>
    <property name="native.encoding" value="UTF-8"/>
    <property name="java.library.path" value="/Users/thisisamank/Library/Java/Extensions:/Library/Java/Extensions:/Network/Library/Java/Extensions:/System/Library/Java/Extensions:/usr/lib/java:."/>
    <property name="java.vm.info" value="mixed mode, sharing"/>
    <property name="stderr.encoding" value="UTF-8"/>
    <property name="java.vendor" value="Homebrew"/>
    <property name="java.vm.version" value="25"/>
    <property name="stdin.encoding" value="UTF-8"/>
    <property name="sun.io.unicode.encoding" value="UnicodeBig"/>
    <property name="socksNonProxyHosts" value="local|*.local|169.254/16|*.169.254/16"/>
    <property name="java.class.version" value="69.0"/>
  </properties>
  <testcase name="reverse_inverts_order" classname="test.java.com.wagmi.finance.ds.DoublyLinkedTransactionsTest" time="0.002">
    <error message="Not implemented" type="java.lang.UnsupportedOperationException"><![CDATA[java.lang.UnsupportedOperationException: Not implemented
	at main.java.com.wagmi.finance.ds.DoublyLinkedTransactions.add(DoublyLinkedTransactions.java:23)
	at test.java.com.wagmi.finance.ds.DoublyLinkedTransactionsTest.reverse_inverts_order(DoublyLinkedTransactionsTest.java:59)
	at java.base/java.lang.reflect.Method.invoke(Method.java:565)
	at java.base/java.util.ArrayList.forEach(ArrayList.java:1604)
	at java.base/java.util.ArrayList.forEach(ArrayList.java:1604)
]]></error>
  </testcase>
  <testcase name="add_increases_size_and_toArray_contains_items_in_order" classname="test.java.com.wagmi.finance.ds.DoublyLinkedTransactionsTest" time="0.001">
    <error message="Not implemented" type="java.lang.UnsupportedOperationException"><![CDATA[java.lang.UnsupportedOperationException: Not implemented
	at main.java.com.wagmi.finance.ds.DoublyLinkedTransactions.add(DoublyLinkedTransactions.java:23)
	at test.java.com.wagmi.finance.ds.DoublyLinkedTransactionsTest.add_increases_size_and_toArray_contains_items_in_order(DoublyLinkedTransactionsTest.java:28)
	at java.base/java.lang.reflect.Method.invoke(Method.java:565)
	at java.base/java.util.ArrayList.forEach(ArrayList.java:1604)
	at java.base/java.util.ArrayList.forEach(ArrayList.java:1604)
]]></error>
  </testcase>
  <testcase name="deleteById_removes_node_and_updates_size" classname="test.java.com.wagmi.finance.ds.DoublyLinkedTransactionsTest" time="0.001">
    <error message="Not implemented" type="java.lang.UnsupportedOperationException"><![CDATA[java.lang.UnsupportedOperationException: Not implemented
	at main.java.com.wagmi.finance.ds.DoublyLinkedTransactions.add(DoublyLinkedTransactions.java:23)
	at test.java.com.wagmi.finance.ds.DoublyLinkedTransactionsTest.deleteById_removes_node_and_updates_size(DoublyLinkedTransactionsTest.java:38)
	at java.base/java.lang.reflect.Method.invoke(Method.java:565)
	at java.base/java.util.ArrayList.forEach(ArrayList.java:1604)
	at java.base/java.util.ArrayList.forEach(ArrayList.java:1604)
]]></error>
  </testcase>
  <testcase name="add_multiple_elements_maintains_order" classname="test.java.com.wagmi.finance.ds.DoublyLinkedTransactionsTest" time="0.0">
    <error message="Not implemented" type="java.lang.UnsupportedOperationException"><![CDATA[java.lang.UnsupportedOperationException: Not implemented
	at main.java.com.wagmi.finance.ds.DoublyLinkedTransactions.add(DoublyLinkedTransactions.java:23)
	at test.java.com.wagmi.finance.ds.DoublyLinkedTransactionsTest.add_multiple_elements_maintains_order(DoublyLinkedTransactionsTest.java:172)
	at java.base/java.lang.reflect.Method.invoke(Method.java:565)
	at java.base/java.util.ArrayList.forEach(ArrayList.java:1604)
	at java.base/java.util.ArrayList.forEach(ArrayList.java:1604)
]]></error>
  </testcase>
  <testcase name="deleteById_with_null_id_returns_false" classname="test.java.com.wagmi.finance.ds.DoublyLinkedTransactionsTest" time="0.0">
    <error message="Not implemented" type="java.lang.UnsupportedOperationException"><![CDATA[java.lang.UnsupportedOperationException: Not implemented
	at main.java.com.wagmi.finance.ds.DoublyLinkedTransactions.add(DoublyLinkedTransactions.java:23)
	at test.java.com.wagmi.finance.ds.DoublyLinkedTransactionsTest.deleteById_with_null_id_returns_false(DoublyLinkedTransactionsTest.java:157)
	at java.base/java.lang.reflect.Method.invoke(Method.java:565)
	at java.base/java.util.ArrayList.forEach(ArrayList.java:1604)
	at java.base/java.util.ArrayList.forEach(ArrayList.java:1604)
]]></error>
  </testcase>
  <testcase name="toArray_on_empty_returns_empty_array" classname="test.java.com.wagmi.finance.ds.DoublyLinkedTransactionsTest" time="0.0">
    <error message="Not implemented" type="java.lang.UnsupportedOperationException"><![CDATA[java.lang.UnsupportedOperationException: Not implemented
	at main.java.com.wagmi.finance.ds.DoublyLinkedTransactions.toArray(DoublyLinkedTransactions.java:47)
	at test.java.com.wagmi.finance.ds.DoublyLinkedTransactionsTest.toArray_on_empty_returns_empty_array(DoublyLinkedTransactionsTest.java:71)
	at java.base/java.lang.reflect.Method.invoke(Method.java:565)
	at java.base/java.util.ArrayList.forEach(ArrayList.java:1604)
	at java.base/java.util.ArrayList.forEach(ArrayList.java:1604)
]]></error>
  </testcase>
  <testcase name="reverse_single_element_does_nothing" classname="test.java.com.wagmi.finance.ds.DoublyLinkedTransactionsTest" time="0.0">
    <error message="Not implemented" type="java.lang.UnsupportedOperationException"><![CDATA[java.lang.UnsupportedOperationException: Not implemented
	at main.java.com.wagmi.finance.ds.DoublyLinkedTransactions.add(DoublyLinkedTransactions.java:23)
	at test.java.com.wagmi.finance.ds.DoublyLinkedTransactionsTest.reverse_single_element_does_nothing(DoublyLinkedTransactionsTest.java:129)
	at java.base/java.lang.reflect.Method.invoke(Method.java:565)
	at java.base/java.util.ArrayList.forEach(ArrayList.java:1604)
	at java.base/java.util.ArrayList.forEach(ArrayList.java:1604)
]]></error>
  </testcase>
  <testcase name="deleteById_from_head_of_list" classname="test.java.com.wagmi.finance.ds.DoublyLinkedTransactionsTest" time="0.001">
    <error message="Not implemented" type="java.lang.UnsupportedOperationException"><![CDATA[java.lang.UnsupportedOperationException: Not implemented
	at main.java.com.wagmi.finance.ds.DoublyLinkedTransactions.add(DoublyLinkedTransactions.java:23)
	at test.java.com.wagmi.finance.ds.DoublyLinkedTransactionsTest.deleteById_from_head_of_list(DoublyLinkedTransactionsTest.java:97)
	at java.base/java.lang.reflect.Method.invoke(Method.java:565)
	at java.base/java.util.ArrayList.forEach(ArrayList.java:1604)
	at java.base/java.util.ArrayList.forEach(ArrayList.java:1604)
]]></error>
  </testcase>
  <testcase name="findById_with_null_id_returns_null" classname="test.java.com.wagmi.finance.ds.DoublyLinkedTransactionsTest" time="0.0">
    <error message="Not implemented" type="java.lang.UnsupportedOperationException"><![CDATA[java.lang.UnsupportedOperationException: Not implemented
	at main.java.com.wagmi.finance.ds.DoublyLinkedTransactions.add(DoublyLinkedTransactions.java:23)
	at test.java.com.wagmi.finance.ds.DoublyLinkedTransactionsTest.findById_with_null_id_returns_null(DoublyLinkedTransactionsTest.java:151)
	at java.base/java.lang.reflect.Method.invoke(Method.java:565)
	at java.base/java.util.ArrayList.forEach(ArrayList.java:1604)
	at java.base/java.util.ArrayList.forEach(ArrayList.java:1604)
]]></error>
  </testcase>
  <testcase name="deleteById_from_tail_of_list" classname="test.java.com.wagmi.finance.ds.DoublyLinkedTransactionsTest" time="0.001">
    <error message="Not implemented" type="java.lang.UnsupportedOperationException"><![CDATA[java.lang.UnsupportedOperationException: Not implemented
	at main.java.com.wagmi.finance.ds.DoublyLinkedTransactions.add(DoublyLinkedTransactions.java:23)
	at test.java.com.wagmi.finance.ds.DoublyLinkedTransactionsTest.deleteById_from_tail_of_list(DoublyLinkedTransactionsTest.java:109)
	at java.base/java.lang.reflect.Method.invoke(Method.java:565)
	at java.base/java.util.ArrayList.forEach(ArrayList.java:1604)
	at java.base/java.util.ArrayList.forEach(ArrayList.java:1604)
]]></error>
  </testcase>
  <testcase name="reverse_empty_list_does_nothing" classname="test.java.com.wagmi.finance.ds.DoublyLinkedTransactionsTest" time="0.0">
    <error message="Not implemented" type="java.lang.UnsupportedOperationException"><![CDATA[java.lang.UnsupportedOperationException: Not implemented
	at main.java.com.wagmi.finance.ds.DoublyLinkedTransactions.reverse(DoublyLinkedTransactions.java:38)
	at test.java.com.wagmi.finance.ds.DoublyLinkedTransactionsTest.reverse_empty_list_does_nothing(DoublyLinkedTransactionsTest.java:121)
	at java.base/java.lang.reflect.Method.invoke(Method.java:565)
	at java.base/java.util.ArrayList.forEach(ArrayList.java:1604)
	at java.base/java.util.ArrayList.forEach(ArrayList.java:1604)
]]></error>
  </testcase>
  <testcase name="deleteById_from_single_element_list" classname="test.java.com.wagmi.finance.ds.DoublyLinkedTransactionsTest" time="0.001">
    <error message="Not implemented" type="java.lang.UnsupportedOperationException"><![CDATA[java.lang.UnsupportedOperationException: Not implemented
	at main.java.com.wagmi.finance.ds.DoublyLinkedTransactions.add(DoublyLinkedTransactions.java:23)
	at test.java.com.wagmi.finance.ds.DoublyLinkedTransactionsTest.deleteById_from_single_element_list(DoublyLinkedTransactionsTest.java:89)
	at java.base/java.lang.reflect.Method.invoke(Method.java:565)
	at java.base/java.util.ArrayList.forEach(ArrayList.java:1604)
	at java.base/java.util.ArrayList.forEach(ArrayList.java:1604)
]]></error>
  </testcase>
  <testcase name="add_single_element_works_correctly" classname="test.java.com.wagmi.finance.ds.DoublyLinkedTransactionsTest" time="0.0">
    <error message="Not implemented" type="java.lang.UnsupportedOperationException"><![CDATA[java.lang.UnsupportedOperationException: Not implemented
	at main.java.com.wagmi.finance.ds.DoublyLinkedTransactions.add(DoublyLinkedTransactions.java:23)
	at test.java.com.wagmi.finance.ds.DoublyLinkedTransactionsTest.add_single_element_works_correctly(DoublyLinkedTransactionsTest.java:79)
	at java.base/java.lang.reflect.Method.invoke(Method.java:565)
	at java.base/java.util.ArrayList.forEach(ArrayList.java:1604)
	at java.base/java.util.ArrayList.forEach(ArrayList.java:1604)
]]></error>
  </testcase>
  <testcase name="findById_returns_correct_transaction_or_null" classname="test.java.com.wagmi.finance.ds.DoublyLinkedTransactionsTest" time="0.001">
    <error message="Not implemented" type="java.lang.UnsupportedOperationException"><![CDATA[java.lang.UnsupportedOperationException: Not implemented
	at main.java.com.wagmi.finance.ds.DoublyLinkedTransactions.add(DoublyLinkedTransactions.java:23)
	at test.java.com.wagmi.finance.ds.DoublyLinkedTransactionsTest.findById_returns_correct_transaction_or_null(DoublyLinkedTransactionsTest.java:51)
	at java.base/java.lang.reflect.Method.invoke(Method.java:565)
	at java.base/java.util.ArrayList.forEach(ArrayList.java:1604)
	at java.base/java.util.ArrayList.forEach(ArrayList.java:1604)
]]></error>
  </testcase>
  <testcase name="reverse_twice_returns_to_original_order" classname="test.java.com.wagmi.finance.ds.DoublyLinkedTransactionsTest" time="0.0">
    <error message="Not implemented" type="java.lang.UnsupportedOperationException"><![CDATA[java.lang.UnsupportedOperationException: Not implemented
	at main.java.com.wagmi.finance.ds.DoublyLinkedTransactions.add(DoublyLinkedTransactions.java:23)
	at test.java.com.wagmi.finance.ds.DoublyLinkedTransactionsTest.reverse_twice_returns_to_original_order(DoublyLinkedTransactionsTest.java:138)
	at java.base/java.lang.reflect.Method.invoke(Method.java:565)
	at java.base/java.util.ArrayList.forEach(ArrayList.java:1604)
	at java.base/java.util.ArrayList.forEach(ArrayList.java:1604)
]]></error>
  </testcase>
</testsuite>